    Blocking waiting for file lock on package cache
    Blocking waiting for file lock on package cache
    Blocking waiting for file lock on package cache
    Blocking waiting for file lock on build directory
warning: unused import: `libp2p::swarm::SwarmEvent`
 --> crates/orda-node/src/p2p.rs:4:5
  |
4 | use libp2p::swarm::SwarmEvent;
  |     ^^^^^^^^^^^^^^^^^^^^^^^^^
  |
  = note: `#[warn(unused_imports)]` on by default

warning: `orda-node` (lib) generated 1 warning (run `cargo fix --lib -p orda-node` to apply 1 suggestion)
warning: unused import: `OrdaBehaviour`
 --> crates/orda-node/src/main.rs:8:35
  |
8 | use crate::p2p::{GOSSIPSUB_TOPIC, OrdaBehaviour, OrdaBehaviourEvent, create_swarm};
  |                                   ^^^^^^^^^^^^^

warning: `orda-node` (bin "orda-node") generated 2 warnings (1 duplicate) (run `cargo fix --bin "orda-node"` to apply 1 suggestion)
    Finished `dev` profile [unoptimized + debuginfo] target(s) in 0.63s
     Running `target/debug/orda-node`
=== Orda Node (Post-Quantum API Gateway) ===
🌍 [P2P] Local Node Identity: 12D3KooWChPsHyoznTqPG5jDQLmht8YeKWBNibWN97s2uhLSSTfJ
» TCP Listener Started. Awaiting P2P Intents on 127.0.0.1:3000...
🔗 [P2P] Discovered Orda Node: 12D3KooWQvByrALfRcuFe3EqRibQLJ8qs6oz5ter9AsUsSF4STKv
📥 [API] Intent successfully ingested into Mempool.
🌐 [P2P] Broadcasted Intent to Network
⚙️  [Engine] Drained 1 token(s) from Mempool

=== Execution Engine: Initializing Block Processing ===
    [-⛽] Burned 65 gas for transaction computation.
    [+] Added 100 units to memory pointer 1. Target Final Balance: 10035

=== Execution Engine: Processed 1 Transactions ===
